<?xml version="1.0" encoding="UTF-8"?>
<!-- Generated by org.testng.reporters.JUnitXMLReporter -->
<testsuite ignored="1" hostname="DESKTOP-1I78L95" failures="0" tests="1" name="Default test" time="13.674" errors="0" timestamp="11 Aug 2022 17:54:33 GMT">
  <testcase classname="com.qa.fb.keyword.login.LoginTest" name="signUpTest" time="13.658"/>
  <testcase classname="com.qa.fb.keyword.login.LoginTest" name="loginTest" time="0.0">
    <ignored/>
  </testcase> <!-- loginTest -->
</testsuite> <!-- Default test -->
