<?xml version="1.0" encoding="UTF-8"?>
<testng-results ignored="0" total="2" passed="2" failed="0" skipped="0">
  <reporter-output>
  </reporter-output>
  <suite started-at="2022-08-11T19:45:03Z" name="Suite" finished-at="2022-08-11T19:45:19Z" duration-ms="16586">
    <groups>
    </groups>
    <test started-at="2022-08-11T19:45:03Z" name="Test" finished-at="2022-08-11T19:45:19Z" duration-ms="16586">
      <class name="com.qa.fb.keyword.login.LoginTest">
        <test-method signature="loginTest()[pri:0, instance:com.qa.fb.keyword.login.LoginTest@248e319b]" started-at="2022-08-11T19:45:03Z" name="loginTest" finished-at="2022-08-11T19:45:03Z" duration-ms="461" status="PASS">
          <reporter-output>
          </reporter-output>
        </test-method> <!-- loginTest -->
        <test-method signature="signUpTest()[pri:0, instance:com.qa.fb.keyword.login.LoginTest@248e319b]" started-at="2022-08-11T19:45:03Z" name="signUpTest" finished-at="2022-08-11T19:45:19Z" duration-ms="16111" status="PASS">
          <reporter-output>
          </reporter-output>
        </test-method> <!-- signUpTest -->
      </class> <!-- com.qa.fb.keyword.login.LoginTest -->
    </test> <!-- Test -->
  </suite> <!-- Suite -->
</testng-results>
